<?xml version="1.0" encoding="UTF-8"?>
<!-- Generated by org.testng.reporters.JUnitXMLReporter -->
<testsuite hostname="LAPTOP-0RJKPN1U" ignored="3" name="Default test(failed)(failed)" tests="1" failures="0" timestamp="2019-11-27T20:01:43 CST" time="5.558" errors="0">
  <testcase name="testTextFilledIsPopulated" time="0.759" classname="com.learning.automation.MySeleniumAutomation"/>
  <testcase name="testSubmitButton" time="0.0" classname="com.learning.automation.MySeleniumAutomation">
    <ignored/>
  </testcase> <!-- testSubmitButton -->
  <testcase name="verifyHomepageTitle" time="0.0" classname="com.learning.automation.MySeleniumAutomation">
    <ignored/>
  </testcase> <!-- verifyHomepageTitle -->
  <testcase name="testTheRegisterLink" time="0.0" classname="com.learning.automation.MySeleniumAutomation">
    <ignored/>
  </testcase> <!-- testTheRegisterLink -->
</testsuite> <!-- Default test(failed)(failed) -->
